[2023-11-21 17:38:03,409] INFO [django.utils.autoreload.run_with_reloader:668 autoreload] Watching for file changes with StatReloader
[2023-11-21 17:39:10,476] INFO [django.utils.autoreload.run_with_reloader:668 autoreload] Watching for file changes with StatReloader
[2023-11-21 17:40:29,314] INFO [django.utils.autoreload.trigger_reload:266 autoreload] D:\Projects\python_django_blog\DjangoBlog\djangoblog\settings.py changed, reloading.
[2023-11-21 17:40:29,926] INFO [django.utils.autoreload.trigger_reload:266 autoreload] D:\Projects\python_django_blog\DjangoBlog\djangoblog\settings.py changed, reloading.
[2023-11-21 17:40:30,487] INFO [django.utils.autoreload.run_with_reloader:668 autoreload] Watching for file changes with StatReloader
[2023-11-21 17:40:31,102] INFO [django.utils.autoreload.run_with_reloader:668 autoreload] Watching for file changes with StatReloader
[2023-11-21 17:40:34,207] INFO [django.utils.autoreload.run_with_reloader:668 autoreload] Watching for file changes with StatReloader
[2023-11-21 17:40:40,769] INFO [blog.views.get_queryset_from_cache:72 views] set view cache.key:index_1
[2023-11-21 17:40:40,779] INFO [blog.context_processors.seo_processor:17 context_processors] set processor cache.
[2023-11-21 17:40:40,784] INFO [djangoblog.utils.get_blog_setting:170 utils] set cache get_blog_setting
[2023-11-21 17:40:40,784] INFO [djangoblog.utils.get_blog_setting:170 utils] set cache get_blog_setting
[2023-11-21 17:40:40,975] INFO [blog.templatetags.blog_tags.load_sidebar:132 blog_tags] load sidebar
[2023-11-21 17:40:41,073] INFO [blog.views.get_queryset_from_cache:67 views] get view cache.key:index_1
[2023-11-21 17:40:41,112] INFO [blog.templatetags.blog_tags.load_sidebar:132 blog_tags] load sidebar
[2023-11-21 17:46:27,052] INFO [django.utils.autoreload.run_with_reloader:668 autoreload] Watching for file changes with StatReloader
[2023-11-21 17:46:39,666] INFO [django.utils.autoreload.run_with_reloader:668 autoreload] Watching for file changes with StatReloader
[2023-11-21 17:46:43,677] INFO [blog.views.get_queryset_from_cache:72 views] set view cache.key:index_1
[2023-11-21 17:46:43,683] INFO [blog.context_processors.seo_processor:17 context_processors] set processor cache.
[2023-11-21 17:46:43,687] INFO [djangoblog.utils.get_blog_setting:170 utils] set cache get_blog_setting
[2023-11-21 17:46:43,687] INFO [djangoblog.utils.get_blog_setting:170 utils] set cache get_blog_setting
[2023-11-21 17:46:43,908] INFO [blog.templatetags.blog_tags.load_sidebar:132 blog_tags] load sidebar
[2023-11-21 17:46:43,995] INFO [blog.views.get_queryset_from_cache:67 views] get view cache.key:index_1
[2023-11-21 17:46:44,039] INFO [blog.templatetags.blog_tags.load_sidebar:132 blog_tags] load sidebar
[2023-11-21 17:48:16,923] INFO [django.utils.autoreload.trigger_reload:266 autoreload] D:\Projects\python_django_blog\DjangoBlog\djangoblog\settings.py changed, reloading.
[2023-11-21 17:48:36,396] INFO [django.utils.autoreload.run_with_reloader:668 autoreload] Watching for file changes with StatReloader
[2023-11-21 17:48:39,479] INFO [blog.views.get_queryset_from_cache:72 views] set view cache.key:index_1
[2023-11-21 17:48:39,486] INFO [blog.context_processors.seo_processor:17 context_processors] set processor cache.
[2023-11-21 17:48:39,490] INFO [djangoblog.utils.get_blog_setting:170 utils] set cache get_blog_setting
[2023-11-21 17:48:39,490] INFO [djangoblog.utils.get_blog_setting:170 utils] set cache get_blog_setting
[2023-11-21 17:48:39,683] INFO [blog.templatetags.blog_tags.load_sidebar:132 blog_tags] load sidebar
[2023-11-21 17:48:39,722] INFO [blog.templatetags.blog_tags.load_sidebar:176 blog_tags] set sidebar cache.key:sidebari
[2023-11-21 17:48:39,764] INFO [blog.views.get_queryset_from_cache:67 views] get view cache.key:index_1
[2023-11-21 17:48:55,429] INFO [blog.views.get_queryset_from_cache:72 views] set view cache.key:archives
[2023-11-21 17:48:56,839] INFO [blog.views.get_queryset_from_cache:72 views] set view cache.key:category_list_我是父类目_1
[2023-11-21 17:48:56,861] INFO [blog.templatetags.blog_tags.load_sidebar:132 blog_tags] load sidebar
[2023-11-21 17:48:56,868] INFO [blog.templatetags.blog_tags.load_sidebar:176 blog_tags] set sidebar cache.key:sidebarl
[2023-11-21 17:48:58,171] INFO [blog.views.get_queryset_from_cache:67 views] get view cache.key:index_1
[2023-11-21 17:49:02,688] INFO [blog.views.get_queryset_from_cache:67 views] get view cache.key:index_1
[2023-11-21 17:50:19,886] INFO [djangoblog.utils.delete_sidebar_cache:207 utils] delete sidebar key:sidebari
[2023-11-21 17:50:19,886] INFO [djangoblog.utils.delete_sidebar_cache:207 utils] delete sidebar key:sidebari
[2023-11-21 17:50:19,886] INFO [djangoblog.utils.delete_sidebar_cache:207 utils] delete sidebar key:sidebarl
[2023-11-21 17:50:19,886] INFO [djangoblog.utils.delete_sidebar_cache:207 utils] delete sidebar key:sidebarl
[2023-11-21 17:50:19,886] INFO [djangoblog.utils.delete_sidebar_cache:207 utils] delete sidebar key:sidebarp
[2023-11-21 17:50:19,886] INFO [djangoblog.utils.delete_sidebar_cache:207 utils] delete sidebar key:sidebarp
[2023-11-21 17:50:19,886] INFO [djangoblog.utils.delete_sidebar_cache:207 utils] delete sidebar key:sidebara
[2023-11-21 17:50:19,886] INFO [djangoblog.utils.delete_sidebar_cache:207 utils] delete sidebar key:sidebara
[2023-11-21 17:50:19,886] INFO [djangoblog.utils.delete_sidebar_cache:207 utils] delete sidebar key:sidebars
[2023-11-21 17:50:19,886] INFO [djangoblog.utils.delete_sidebar_cache:207 utils] delete sidebar key:sidebars
[2023-11-21 17:50:19,886] INFO [accounts.views.form_valid:123 views] next
[2023-11-21 17:50:20,126] INFO [djangoblog.spider_notify.baidu_notify:16 spider_notify] {"remain":10,"success":0,"not_same_site":["https://example.com/author/lanxin.html"]}
[2023-11-21 17:50:20,126] INFO [djangoblog.spider_notify.baidu_notify:16 spider_notify] {"remain":10,"success":0,"not_same_site":["https://example.com/author/lanxin.html"]}
[2023-11-21 17:50:20,126] INFO [djangoblog.blog_signals.user_auth_callback:120 blog_signals] 2431064695@qq.com
[2023-11-21 17:50:20,126] INFO [djangoblog.blog_signals.user_auth_callback:120 blog_signals] 2431064695@qq.com
[2023-11-21 17:50:20,126] INFO [djangoblog.utils.delete_sidebar_cache:207 utils] delete sidebar key:sidebari
[2023-11-21 17:50:20,126] INFO [djangoblog.utils.delete_sidebar_cache:207 utils] delete sidebar key:sidebari
[2023-11-21 17:50:20,126] INFO [djangoblog.utils.delete_sidebar_cache:207 utils] delete sidebar key:sidebarl
[2023-11-21 17:50:20,126] INFO [djangoblog.utils.delete_sidebar_cache:207 utils] delete sidebar key:sidebarl
[2023-11-21 17:50:20,126] INFO [djangoblog.utils.delete_sidebar_cache:207 utils] delete sidebar key:sidebarp
[2023-11-21 17:50:20,126] INFO [djangoblog.utils.delete_sidebar_cache:207 utils] delete sidebar key:sidebarp
[2023-11-21 17:50:20,127] INFO [djangoblog.utils.delete_sidebar_cache:207 utils] delete sidebar key:sidebara
[2023-11-21 17:50:20,127] INFO [djangoblog.utils.delete_sidebar_cache:207 utils] delete sidebar key:sidebara
[2023-11-21 17:50:20,127] INFO [djangoblog.utils.delete_sidebar_cache:207 utils] delete sidebar key:sidebars
[2023-11-21 17:50:20,127] INFO [djangoblog.utils.delete_sidebar_cache:207 utils] delete sidebar key:sidebars
[2023-11-21 17:50:20,142] INFO [blog.views.get_queryset_from_cache:72 views] set view cache.key:index_1
[2023-11-21 17:50:20,142] INFO [blog.context_processors.seo_processor:17 context_processors] set processor cache.
[2023-11-21 17:50:20,144] INFO [djangoblog.utils.get_blog_setting:170 utils] set cache get_blog_setting
[2023-11-21 17:50:20,144] INFO [djangoblog.utils.get_blog_setting:170 utils] set cache get_blog_setting
[2023-11-21 17:50:20,244] INFO [blog.templatetags.blog_tags.load_sidebar:132 blog_tags] load sidebar
[2023-11-21 17:50:20,290] INFO [blog.templatetags.blog_tags.load_sidebar:176 blog_tags] set sidebar cache.key:sidebari
[2023-11-21 17:52:32,143] INFO [blog.views.get_queryset_from_cache:67 views] get view cache.key:index_1
[2023-11-21 17:52:37,481] INFO [blog.models.comment_list:150 models] set article comments:19
[2023-11-21 17:52:37,500] INFO [blog.templatetags.blog_tags.load_sidebar:132 blog_tags] load sidebar
[2023-11-21 17:52:37,507] INFO [blog.templatetags.blog_tags.load_sidebar:176 blog_tags] set sidebar cache.key:sidebarp
[2023-11-21 17:56:21,605] INFO [blog.views.get_queryset_from_cache:67 views] get view cache.key:index_1
[2023-11-21 17:56:24,168] INFO [blog.models.comment_list:150 models] set article comments:19
[2023-11-21 17:56:50,412] INFO [blog.views.get_queryset_from_cache:67 views] get view cache.key:index_1
[2023-11-21 18:03:41,155] INFO [djangoblog.spider_notify.baidu_notify:16 spider_notify] {"remain":10,"success":0,"not_same_site":["https://example.com/category/test.html"]}
[2023-11-21 18:03:41,155] INFO [djangoblog.spider_notify.baidu_notify:16 spider_notify] {"remain":10,"success":0,"not_same_site":["https://example.com/category/test.html"]}
[2023-11-21 18:03:41,167] INFO [blog.context_processors.seo_processor:17 context_processors] set processor cache.
[2023-11-21 18:03:41,169] INFO [djangoblog.utils.get_blog_setting:170 utils] set cache get_blog_setting
[2023-11-21 18:03:41,169] INFO [djangoblog.utils.get_blog_setting:170 utils] set cache get_blog_setting
[2023-11-21 18:04:14,750] INFO [djangoblog.spider_notify.baidu_notify:16 spider_notify] {"remain":10,"success":0,"not_same_site":["https://example.com/article/2023/11/21/20.html"]}
[2023-11-21 18:04:14,750] INFO [djangoblog.spider_notify.baidu_notify:16 spider_notify] {"remain":10,"success":0,"not_same_site":["https://example.com/article/2023/11/21/20.html"]}
[2023-11-21 18:04:14,790] INFO [blog.context_processors.seo_processor:17 context_processors] set processor cache.
[2023-11-21 18:04:14,792] INFO [djangoblog.utils.get_blog_setting:170 utils] set cache get_blog_setting
[2023-11-21 18:04:14,792] INFO [djangoblog.utils.get_blog_setting:170 utils] set cache get_blog_setting
[2023-11-21 18:04:20,387] INFO [blog.views.get_queryset_from_cache:72 views] set view cache.key:index_1
[2023-11-21 18:04:20,504] INFO [blog.templatetags.blog_tags.load_sidebar:132 blog_tags] load sidebar
[2023-11-21 18:04:20,532] INFO [blog.templatetags.blog_tags.load_sidebar:176 blog_tags] set sidebar cache.key:sidebari
[2023-11-21 18:04:27,537] INFO [blog.views.get_queryset_from_cache:67 views] get view cache.key:index_1
[2023-11-21 18:04:35,427] INFO [blog.views.get_queryset_from_cache:72 views] set view cache.key:category_list_test_1
[2023-11-21 18:04:35,437] INFO [blog.templatetags.blog_tags.load_sidebar:132 blog_tags] load sidebar
[2023-11-21 18:04:35,445] INFO [blog.templatetags.blog_tags.load_sidebar:176 blog_tags] set sidebar cache.key:sidebarl
[2023-11-21 18:04:38,888] INFO [blog.views.get_queryset_from_cache:67 views] get view cache.key:index_1
[2023-11-21 18:06:40,700] INFO [blog.views.get_queryset_from_cache:67 views] get view cache.key:index_1
[2023-11-21 18:06:45,105] INFO [blog.views.get_queryset_from_cache:67 views] get view cache.key:index_1
[2023-11-21 18:07:17,281] INFO [blog.views.get_queryset_from_cache:67 views] get view cache.key:index_1
[2023-11-21 18:07:22,205] INFO [blog.views.get_queryset_from_cache:67 views] get view cache.key:index_1
[2023-11-21 18:07:34,053] INFO [django.utils.autoreload.run_with_reloader:668 autoreload] Watching for file changes with StatReloader
[2023-11-21 18:07:57,859] INFO [blog.views.get_queryset_from_cache:72 views] set view cache.key:index_1
[2023-11-21 18:07:57,865] INFO [blog.context_processors.seo_processor:17 context_processors] set processor cache.
[2023-11-21 18:07:57,870] INFO [djangoblog.utils.get_blog_setting:170 utils] set cache get_blog_setting
[2023-11-21 18:07:57,870] INFO [djangoblog.utils.get_blog_setting:170 utils] set cache get_blog_setting
[2023-11-21 18:07:58,019] INFO [blog.templatetags.blog_tags.load_sidebar:132 blog_tags] load sidebar
[2023-11-21 18:07:58,026] INFO [blog.templatetags.blog_tags.load_sidebar:176 blog_tags] set sidebar cache.key:sidebari
[2023-11-21 18:07:58,059] INFO [blog.views.get_queryset_from_cache:67 views] get view cache.key:index_1
[2023-11-21 18:08:10,404] INFO [blog.views.get_queryset_from_cache:72 views] set view cache.key:category_list_test_1
[2023-11-21 18:08:10,414] INFO [blog.templatetags.blog_tags.load_sidebar:132 blog_tags] load sidebar
[2023-11-21 18:08:10,420] INFO [blog.templatetags.blog_tags.load_sidebar:176 blog_tags] set sidebar cache.key:sidebarl
[2023-11-21 18:08:11,757] INFO [blog.views.get_queryset_from_cache:72 views] set view cache.key:archives
[2023-11-21 18:08:14,100] INFO [blog.views.get_queryset_from_cache:67 views] get view cache.key:index_1
[2023-11-21 18:08:32,153] INFO [blog.models.comment_list:150 models] set article comments:20
[2023-11-21 18:08:32,188] INFO [blog.templatetags.blog_tags.load_sidebar:132 blog_tags] load sidebar
[2023-11-21 18:08:32,195] INFO [blog.templatetags.blog_tags.load_sidebar:176 blog_tags] set sidebar cache.key:sidebarp
[2023-11-21 18:08:39,719] INFO [blog.views.get_queryset_from_cache:67 views] get view cache.key:index_1
[2023-11-21 18:42:24,021] INFO [django.utils.autoreload.run_with_reloader:668 autoreload] Watching for file changes with StatReloader
[2023-11-21 18:42:27,279] INFO [blog.views.get_queryset_from_cache:72 views] set view cache.key:index_1
[2023-11-21 18:42:27,289] INFO [blog.context_processors.seo_processor:17 context_processors] set processor cache.
[2023-11-21 18:42:27,295] INFO [djangoblog.utils.get_blog_setting:170 utils] set cache get_blog_setting
[2023-11-21 18:42:27,295] INFO [djangoblog.utils.get_blog_setting:170 utils] set cache get_blog_setting
[2023-11-21 18:42:27,472] INFO [blog.templatetags.blog_tags.load_sidebar:132 blog_tags] load sidebar
[2023-11-21 18:42:27,480] INFO [blog.templatetags.blog_tags.load_sidebar:176 blog_tags] set sidebar cache.key:sidebari
[2023-11-21 18:43:29,490] INFO [djangoblog.spider_notify.baidu_notify:16 spider_notify] {"remain":10,"success":0,"not_same_site":["https://example.com/author/yelianghao.html"]}
[2023-11-21 18:43:29,490] INFO [djangoblog.spider_notify.baidu_notify:16 spider_notify] {"remain":10,"success":0,"not_same_site":["https://example.com/author/yelianghao.html"]}
[2023-11-21 18:43:29,528] INFO [blog.context_processors.seo_processor:17 context_processors] set processor cache.
[2023-11-21 18:43:29,530] INFO [djangoblog.utils.get_blog_setting:170 utils] set cache get_blog_setting
[2023-11-21 18:43:29,530] INFO [djangoblog.utils.get_blog_setting:170 utils] set cache get_blog_setting
[2023-11-21 18:44:13,443] INFO [djangoblog.spider_notify.baidu_notify:16 spider_notify] {"remain":10,"success":0,"not_same_site":["https://example.com/author/yelianghao.html"]}
[2023-11-21 18:44:13,443] INFO [djangoblog.spider_notify.baidu_notify:16 spider_notify] {"remain":10,"success":0,"not_same_site":["https://example.com/author/yelianghao.html"]}
[2023-11-21 18:44:13,464] INFO [blog.context_processors.seo_processor:17 context_processors] set processor cache.
[2023-11-21 18:44:13,466] INFO [djangoblog.utils.get_blog_setting:170 utils] set cache get_blog_setting
[2023-11-21 18:44:13,466] INFO [djangoblog.utils.get_blog_setting:170 utils] set cache get_blog_setting
[2023-11-21 18:45:00,896] INFO [djangoblog.spider_notify.baidu_notify:16 spider_notify] {"remain":10,"success":0,"not_same_site":["https://example.com/category/python.html"]}
[2023-11-21 18:45:00,896] INFO [djangoblog.spider_notify.baidu_notify:16 spider_notify] {"remain":10,"success":0,"not_same_site":["https://example.com/category/python.html"]}
[2023-11-21 18:45:00,916] INFO [blog.context_processors.seo_processor:17 context_processors] set processor cache.
[2023-11-21 18:45:00,917] INFO [djangoblog.utils.get_blog_setting:170 utils] set cache get_blog_setting
[2023-11-21 18:45:00,917] INFO [djangoblog.utils.get_blog_setting:170 utils] set cache get_blog_setting
[2023-11-21 18:45:26,000] INFO [djangoblog.spider_notify.baidu_notify:16 spider_notify] {"remain":10,"success":0,"not_same_site":["https://example.com/category/java.html"]}
[2023-11-21 18:45:26,000] INFO [djangoblog.spider_notify.baidu_notify:16 spider_notify] {"remain":10,"success":0,"not_same_site":["https://example.com/category/java.html"]}
[2023-11-21 18:45:26,020] INFO [blog.context_processors.seo_processor:17 context_processors] set processor cache.
[2023-11-21 18:45:26,022] INFO [djangoblog.utils.get_blog_setting:170 utils] set cache get_blog_setting
[2023-11-21 18:45:26,022] INFO [djangoblog.utils.get_blog_setting:170 utils] set cache get_blog_setting
[2023-11-21 18:45:45,981] INFO [djangoblog.spider_notify.baidu_notify:16 spider_notify] {"remain":10,"success":0,"not_same_site":["https://example.com/category/mysql.html"]}
[2023-11-21 18:45:45,981] INFO [djangoblog.spider_notify.baidu_notify:16 spider_notify] {"remain":10,"success":0,"not_same_site":["https://example.com/category/mysql.html"]}
[2023-11-21 18:45:46,000] INFO [blog.context_processors.seo_processor:17 context_processors] set processor cache.
[2023-11-21 18:45:46,002] INFO [djangoblog.utils.get_blog_setting:170 utils] set cache get_blog_setting
[2023-11-21 18:45:46,002] INFO [djangoblog.utils.get_blog_setting:170 utils] set cache get_blog_setting
[2023-11-21 18:47:02,875] INFO [djangoblog.spider_notify.baidu_notify:16 spider_notify] {"remain":10,"success":0,"not_same_site":["https://example.com/tag/python.html"]}
[2023-11-21 18:47:02,875] INFO [djangoblog.spider_notify.baidu_notify:16 spider_notify] {"remain":10,"success":0,"not_same_site":["https://example.com/tag/python.html"]}
[2023-11-21 18:47:02,896] INFO [blog.context_processors.seo_processor:17 context_processors] set processor cache.
[2023-11-21 18:47:02,898] INFO [djangoblog.utils.get_blog_setting:170 utils] set cache get_blog_setting
[2023-11-21 18:47:02,898] INFO [djangoblog.utils.get_blog_setting:170 utils] set cache get_blog_setting
[2023-11-21 18:47:14,452] INFO [djangoblog.spider_notify.baidu_notify:16 spider_notify] {"remain":10,"success":0,"not_same_site":["https://example.com/tag/mysql.html"]}
[2023-11-21 18:47:14,452] INFO [djangoblog.spider_notify.baidu_notify:16 spider_notify] {"remain":10,"success":0,"not_same_site":["https://example.com/tag/mysql.html"]}
[2023-11-21 18:47:14,470] INFO [blog.context_processors.seo_processor:17 context_processors] set processor cache.
[2023-11-21 18:47:14,472] INFO [djangoblog.utils.get_blog_setting:170 utils] set cache get_blog_setting
[2023-11-21 18:47:14,472] INFO [djangoblog.utils.get_blog_setting:170 utils] set cache get_blog_setting
[2023-11-21 18:47:20,125] INFO [djangoblog.spider_notify.baidu_notify:16 spider_notify] {"remain":10,"success":0,"not_same_site":["https://example.com/tag/git.html"]}
[2023-11-21 18:47:20,125] INFO [djangoblog.spider_notify.baidu_notify:16 spider_notify] {"remain":10,"success":0,"not_same_site":["https://example.com/tag/git.html"]}
[2023-11-21 18:47:20,144] INFO [blog.context_processors.seo_processor:17 context_processors] set processor cache.
[2023-11-21 18:47:20,145] INFO [djangoblog.utils.get_blog_setting:170 utils] set cache get_blog_setting
[2023-11-21 18:47:20,145] INFO [djangoblog.utils.get_blog_setting:170 utils] set cache get_blog_setting
[2023-11-21 18:47:24,508] INFO [djangoblog.spider_notify.baidu_notify:16 spider_notify] {"remain":10,"success":0,"not_same_site":["https://example.com/tag/github.html"]}
[2023-11-21 18:47:24,508] INFO [djangoblog.spider_notify.baidu_notify:16 spider_notify] {"remain":10,"success":0,"not_same_site":["https://example.com/tag/github.html"]}
[2023-11-21 18:47:24,526] INFO [blog.context_processors.seo_processor:17 context_processors] set processor cache.
[2023-11-21 18:47:24,528] INFO [djangoblog.utils.get_blog_setting:170 utils] set cache get_blog_setting
[2023-11-21 18:47:24,528] INFO [djangoblog.utils.get_blog_setting:170 utils] set cache get_blog_setting
[2023-11-21 18:53:18,095] INFO [blog.context_processors.seo_processor:17 context_processors] set processor cache.
[2023-11-21 18:53:18,097] INFO [djangoblog.utils.get_blog_setting:170 utils] set cache get_blog_setting
[2023-11-21 18:53:18,097] INFO [djangoblog.utils.get_blog_setting:170 utils] set cache get_blog_setting
[2023-11-21 18:53:21,783] INFO [blog.views.get_queryset_from_cache:72 views] set view cache.key:index_1
[2023-11-21 18:53:21,813] INFO [blog.templatetags.blog_tags.load_sidebar:132 blog_tags] load sidebar
[2023-11-21 18:53:21,823] INFO [blog.templatetags.blog_tags.load_sidebar:176 blog_tags] set sidebar cache.key:sidebari
[2023-11-21 18:54:05,270] INFO [blog.context_processors.seo_processor:17 context_processors] set processor cache.
[2023-11-21 18:54:05,272] INFO [djangoblog.utils.get_blog_setting:170 utils] set cache get_blog_setting
[2023-11-21 18:54:05,272] INFO [djangoblog.utils.get_blog_setting:170 utils] set cache get_blog_setting
[2023-11-21 18:54:12,421] INFO [blog.views.get_queryset_from_cache:72 views] set view cache.key:index_1
[2023-11-21 18:54:12,451] INFO [blog.templatetags.blog_tags.load_sidebar:132 blog_tags] load sidebar
[2023-11-21 18:54:12,462] INFO [blog.templatetags.blog_tags.load_sidebar:176 blog_tags] set sidebar cache.key:sidebari
[2023-11-21 18:56:44,894] INFO [django.utils.autoreload.run_with_reloader:668 autoreload] Watching for file changes with StatReloader
[2023-11-21 18:56:48,863] INFO [blog.views.get_queryset_from_cache:72 views] set view cache.key:index_1
[2023-11-21 18:56:48,873] INFO [blog.context_processors.seo_processor:17 context_processors] set processor cache.
[2023-11-21 18:56:48,878] INFO [djangoblog.utils.get_blog_setting:170 utils] set cache get_blog_setting
[2023-11-21 18:56:48,878] INFO [djangoblog.utils.get_blog_setting:170 utils] set cache get_blog_setting
[2023-11-21 18:56:49,136] INFO [blog.templatetags.blog_tags.load_sidebar:132 blog_tags] load sidebar
[2023-11-21 18:56:49,160] INFO [blog.templatetags.blog_tags.load_sidebar:176 blog_tags] set sidebar cache.key:sidebari
[2023-11-21 18:56:49,217] INFO [blog.views.get_queryset_from_cache:67 views] get view cache.key:index_1
[2023-11-21 19:00:39,104] INFO [django.utils.autoreload.run_with_reloader:668 autoreload] Watching for file changes with StatReloader
[2023-11-21 19:00:44,619] INFO [blog.views.get_queryset_from_cache:72 views] set view cache.key:index_1
[2023-11-21 19:00:44,627] INFO [blog.context_processors.seo_processor:17 context_processors] set processor cache.
[2023-11-21 19:00:44,631] INFO [djangoblog.utils.get_blog_setting:170 utils] set cache get_blog_setting
[2023-11-21 19:00:44,631] INFO [djangoblog.utils.get_blog_setting:170 utils] set cache get_blog_setting
[2023-11-21 19:00:44,797] INFO [blog.templatetags.blog_tags.load_sidebar:132 blog_tags] load sidebar
[2023-11-21 19:00:44,808] INFO [blog.templatetags.blog_tags.load_sidebar:176 blog_tags] set sidebar cache.key:sidebari
[2023-11-21 19:00:44,848] INFO [blog.views.get_queryset_from_cache:67 views] get view cache.key:index_1
[2023-11-21 19:02:08,435] INFO [djangoblog.blog_signals.user_auth_callback:120 blog_signals] 2431064695@qq.com
[2023-11-21 19:02:08,435] INFO [djangoblog.blog_signals.user_auth_callback:120 blog_signals] 2431064695@qq.com
[2023-11-21 19:02:08,435] INFO [djangoblog.utils.delete_sidebar_cache:207 utils] delete sidebar key:sidebari
[2023-11-21 19:02:08,435] INFO [djangoblog.utils.delete_sidebar_cache:207 utils] delete sidebar key:sidebari
[2023-11-21 19:02:08,435] INFO [djangoblog.utils.delete_sidebar_cache:207 utils] delete sidebar key:sidebarl
[2023-11-21 19:02:08,435] INFO [djangoblog.utils.delete_sidebar_cache:207 utils] delete sidebar key:sidebarl
[2023-11-21 19:02:08,435] INFO [djangoblog.utils.delete_sidebar_cache:207 utils] delete sidebar key:sidebarp
[2023-11-21 19:02:08,435] INFO [djangoblog.utils.delete_sidebar_cache:207 utils] delete sidebar key:sidebarp
[2023-11-21 19:02:08,435] INFO [djangoblog.utils.delete_sidebar_cache:207 utils] delete sidebar key:sidebara
[2023-11-21 19:02:08,435] INFO [djangoblog.utils.delete_sidebar_cache:207 utils] delete sidebar key:sidebara
[2023-11-21 19:02:08,435] INFO [djangoblog.utils.delete_sidebar_cache:207 utils] delete sidebar key:sidebars
[2023-11-21 19:02:08,435] INFO [djangoblog.utils.delete_sidebar_cache:207 utils] delete sidebar key:sidebars
[2023-11-21 19:02:08,448] INFO [djangoblog.utils.delete_sidebar_cache:207 utils] delete sidebar key:sidebari
[2023-11-21 19:02:08,448] INFO [djangoblog.utils.delete_sidebar_cache:207 utils] delete sidebar key:sidebari
[2023-11-21 19:02:08,448] INFO [djangoblog.utils.delete_sidebar_cache:207 utils] delete sidebar key:sidebarl
[2023-11-21 19:02:08,448] INFO [djangoblog.utils.delete_sidebar_cache:207 utils] delete sidebar key:sidebarl
[2023-11-21 19:02:08,448] INFO [djangoblog.utils.delete_sidebar_cache:207 utils] delete sidebar key:sidebarp
[2023-11-21 19:02:08,448] INFO [djangoblog.utils.delete_sidebar_cache:207 utils] delete sidebar key:sidebarp
[2023-11-21 19:02:08,448] INFO [djangoblog.utils.delete_sidebar_cache:207 utils] delete sidebar key:sidebara
[2023-11-21 19:02:08,448] INFO [djangoblog.utils.delete_sidebar_cache:207 utils] delete sidebar key:sidebara
[2023-11-21 19:02:08,449] INFO [djangoblog.utils.delete_sidebar_cache:207 utils] delete sidebar key:sidebars
[2023-11-21 19:02:08,449] INFO [djangoblog.utils.delete_sidebar_cache:207 utils] delete sidebar key:sidebars
[2023-11-21 19:02:23,429] INFO [djangoblog.utils.delete_sidebar_cache:207 utils] delete sidebar key:sidebari
[2023-11-21 19:02:23,429] INFO [djangoblog.utils.delete_sidebar_cache:207 utils] delete sidebar key:sidebari
[2023-11-21 19:02:23,429] INFO [djangoblog.utils.delete_sidebar_cache:207 utils] delete sidebar key:sidebarl
[2023-11-21 19:02:23,429] INFO [djangoblog.utils.delete_sidebar_cache:207 utils] delete sidebar key:sidebarl
[2023-11-21 19:02:23,429] INFO [djangoblog.utils.delete_sidebar_cache:207 utils] delete sidebar key:sidebarp
[2023-11-21 19:02:23,429] INFO [djangoblog.utils.delete_sidebar_cache:207 utils] delete sidebar key:sidebarp
[2023-11-21 19:02:23,429] INFO [djangoblog.utils.delete_sidebar_cache:207 utils] delete sidebar key:sidebara
[2023-11-21 19:02:23,429] INFO [djangoblog.utils.delete_sidebar_cache:207 utils] delete sidebar key:sidebara
[2023-11-21 19:02:23,429] INFO [djangoblog.utils.delete_sidebar_cache:207 utils] delete sidebar key:sidebars
[2023-11-21 19:02:23,429] INFO [djangoblog.utils.delete_sidebar_cache:207 utils] delete sidebar key:sidebars
[2023-11-21 19:02:23,429] INFO [accounts.views.form_valid:123 views] next
[2023-11-21 19:02:23,707] INFO [djangoblog.spider_notify.baidu_notify:16 spider_notify] {"remain":10,"success":0,"not_same_site":["https://example.com/author/yelianghao.html"]}
[2023-11-21 19:02:23,707] INFO [djangoblog.spider_notify.baidu_notify:16 spider_notify] {"remain":10,"success":0,"not_same_site":["https://example.com/author/yelianghao.html"]}
[2023-11-21 19:02:23,707] INFO [djangoblog.blog_signals.user_auth_callback:120 blog_signals] yelianghao@test.com
[2023-11-21 19:02:23,707] INFO [djangoblog.blog_signals.user_auth_callback:120 blog_signals] yelianghao@test.com
[2023-11-21 19:02:23,707] INFO [djangoblog.utils.delete_sidebar_cache:207 utils] delete sidebar key:sidebari
[2023-11-21 19:02:23,707] INFO [djangoblog.utils.delete_sidebar_cache:207 utils] delete sidebar key:sidebari
[2023-11-21 19:02:23,707] INFO [djangoblog.utils.delete_sidebar_cache:207 utils] delete sidebar key:sidebarl
[2023-11-21 19:02:23,707] INFO [djangoblog.utils.delete_sidebar_cache:207 utils] delete sidebar key:sidebarl
[2023-11-21 19:02:23,708] INFO [djangoblog.utils.delete_sidebar_cache:207 utils] delete sidebar key:sidebarp
[2023-11-21 19:02:23,708] INFO [djangoblog.utils.delete_sidebar_cache:207 utils] delete sidebar key:sidebarp
[2023-11-21 19:02:23,708] INFO [djangoblog.utils.delete_sidebar_cache:207 utils] delete sidebar key:sidebara
[2023-11-21 19:02:23,708] INFO [djangoblog.utils.delete_sidebar_cache:207 utils] delete sidebar key:sidebara
[2023-11-21 19:02:23,708] INFO [djangoblog.utils.delete_sidebar_cache:207 utils] delete sidebar key:sidebars
[2023-11-21 19:02:23,708] INFO [djangoblog.utils.delete_sidebar_cache:207 utils] delete sidebar key:sidebars
[2023-11-21 19:02:23,724] INFO [blog.views.get_queryset_from_cache:72 views] set view cache.key:index_1
[2023-11-21 19:02:23,725] INFO [blog.context_processors.seo_processor:17 context_processors] set processor cache.
[2023-11-21 19:02:23,728] INFO [djangoblog.utils.get_blog_setting:170 utils] set cache get_blog_setting
[2023-11-21 19:02:23,728] INFO [djangoblog.utils.get_blog_setting:170 utils] set cache get_blog_setting
[2023-11-21 19:02:23,759] INFO [blog.templatetags.blog_tags.load_sidebar:132 blog_tags] load sidebar
[2023-11-21 19:02:23,770] INFO [blog.templatetags.blog_tags.load_sidebar:176 blog_tags] set sidebar cache.key:sidebari
[2023-11-21 19:08:20,402] INFO [django.utils.autoreload.run_with_reloader:668 autoreload] Watching for file changes with StatReloader
[2023-11-21 19:08:24,236] INFO [blog.views.get_queryset_from_cache:72 views] set view cache.key:index_1
[2023-11-21 19:08:24,242] INFO [blog.context_processors.seo_processor:17 context_processors] set processor cache.
[2023-11-21 19:08:24,246] INFO [djangoblog.utils.get_blog_setting:170 utils] set cache get_blog_setting
[2023-11-21 19:08:24,246] INFO [djangoblog.utils.get_blog_setting:170 utils] set cache get_blog_setting
[2023-11-21 19:08:24,373] INFO [blog.templatetags.blog_tags.load_sidebar:132 blog_tags] load sidebar
[2023-11-21 19:08:24,385] INFO [blog.templatetags.blog_tags.load_sidebar:176 blog_tags] set sidebar cache.key:sidebari
[2023-11-21 19:08:39,310] INFO [blog.views.get_queryset_from_cache:67 views] get view cache.key:index_1
[2023-11-21 19:10:45,171] INFO [django.utils.autoreload.run_with_reloader:668 autoreload] Watching for file changes with StatReloader
[2023-11-21 19:10:49,594] INFO [blog.views.get_queryset_from_cache:72 views] set view cache.key:index_1
[2023-11-21 19:10:49,601] INFO [blog.context_processors.seo_processor:17 context_processors] set processor cache.
[2023-11-21 19:10:49,604] INFO [djangoblog.utils.get_blog_setting:170 utils] set cache get_blog_setting
[2023-11-21 19:10:49,604] INFO [djangoblog.utils.get_blog_setting:170 utils] set cache get_blog_setting
[2023-11-21 19:10:49,740] INFO [blog.templatetags.blog_tags.load_sidebar:132 blog_tags] load sidebar
[2023-11-21 19:10:49,751] INFO [blog.templatetags.blog_tags.load_sidebar:176 blog_tags] set sidebar cache.key:sidebari
[2023-11-21 19:10:54,178] INFO [blog.views.get_queryset_from_cache:67 views] get view cache.key:index_1
[2023-11-21 19:30:16,309] INFO [django.utils.autoreload.run_with_reloader:668 autoreload] Watching for file changes with StatReloader
[2023-11-21 19:30:19,480] INFO [blog.views.get_queryset_from_cache:72 views] set view cache.key:index_1
[2023-11-21 19:30:19,493] INFO [blog.context_processors.seo_processor:17 context_processors] set processor cache.
[2023-11-21 19:30:19,497] INFO [djangoblog.utils.get_blog_setting:170 utils] set cache get_blog_setting
[2023-11-21 19:30:19,497] INFO [djangoblog.utils.get_blog_setting:170 utils] set cache get_blog_setting
[2023-11-21 19:30:19,661] INFO [blog.templatetags.blog_tags.load_sidebar:132 blog_tags] load sidebar
[2023-11-21 19:30:19,672] INFO [blog.templatetags.blog_tags.load_sidebar:176 blog_tags] set sidebar cache.key:sidebari
[2023-11-21 19:30:19,717] INFO [blog.views.get_queryset_from_cache:67 views] get view cache.key:index_1
[2023-11-21 19:30:27,199] INFO [djangoblog.blog_signals.user_auth_callback:120 blog_signals] yelianghao@test.com
[2023-11-21 19:30:27,199] INFO [djangoblog.blog_signals.user_auth_callback:120 blog_signals] yelianghao@test.com
[2023-11-21 19:30:27,199] INFO [djangoblog.utils.delete_sidebar_cache:207 utils] delete sidebar key:sidebari
[2023-11-21 19:30:27,199] INFO [djangoblog.utils.delete_sidebar_cache:207 utils] delete sidebar key:sidebari
[2023-11-21 19:30:27,199] INFO [djangoblog.utils.delete_sidebar_cache:207 utils] delete sidebar key:sidebarl
[2023-11-21 19:30:27,199] INFO [djangoblog.utils.delete_sidebar_cache:207 utils] delete sidebar key:sidebarl
[2023-11-21 19:30:27,199] INFO [djangoblog.utils.delete_sidebar_cache:207 utils] delete sidebar key:sidebarp
[2023-11-21 19:30:27,199] INFO [djangoblog.utils.delete_sidebar_cache:207 utils] delete sidebar key:sidebarp
[2023-11-21 19:30:27,199] INFO [djangoblog.utils.delete_sidebar_cache:207 utils] delete sidebar key:sidebara
[2023-11-21 19:30:27,199] INFO [djangoblog.utils.delete_sidebar_cache:207 utils] delete sidebar key:sidebara
[2023-11-21 19:30:27,199] INFO [djangoblog.utils.delete_sidebar_cache:207 utils] delete sidebar key:sidebars
[2023-11-21 19:30:27,199] INFO [djangoblog.utils.delete_sidebar_cache:207 utils] delete sidebar key:sidebars
[2023-11-21 19:30:27,212] INFO [djangoblog.utils.delete_sidebar_cache:207 utils] delete sidebar key:sidebari
[2023-11-21 19:30:27,212] INFO [djangoblog.utils.delete_sidebar_cache:207 utils] delete sidebar key:sidebari
[2023-11-21 19:30:27,212] INFO [djangoblog.utils.delete_sidebar_cache:207 utils] delete sidebar key:sidebarl
[2023-11-21 19:30:27,212] INFO [djangoblog.utils.delete_sidebar_cache:207 utils] delete sidebar key:sidebarl
[2023-11-21 19:30:27,212] INFO [djangoblog.utils.delete_sidebar_cache:207 utils] delete sidebar key:sidebarp
[2023-11-21 19:30:27,212] INFO [djangoblog.utils.delete_sidebar_cache:207 utils] delete sidebar key:sidebarp
[2023-11-21 19:30:27,212] INFO [djangoblog.utils.delete_sidebar_cache:207 utils] delete sidebar key:sidebara
[2023-11-21 19:30:27,212] INFO [djangoblog.utils.delete_sidebar_cache:207 utils] delete sidebar key:sidebara
[2023-11-21 19:30:27,212] INFO [djangoblog.utils.delete_sidebar_cache:207 utils] delete sidebar key:sidebars
[2023-11-21 19:30:27,212] INFO [djangoblog.utils.delete_sidebar_cache:207 utils] delete sidebar key:sidebars
